<?xml version="1.0" encoding="UTF-8"?>
<testsuites name="unit_tests_aggregate">
<testsuites>
  <testsuite name="/var/www/phpunit.xml" tests="1" assertions="1" errors="0" failures="0" skipped="0" time="0.002367">
    <testsuite name="Unit" tests="1" assertions="1" errors="0" failures="0" skipped="0" time="0.002367">
      <testsuite name="Tests\Unit\ExampleTest" file="/var/www/tests/Unit/ExampleTest.php" tests="1" assertions="1" errors="0" failures="0" skipped="0" time="0.002367">
        <testcase name="test_that_true_is_true" file="/var/www/tests/Unit/ExampleTest.php" line="12" class="Tests\Unit\ExampleTest" classname="Tests.Unit.ExampleTest" assertions="1" time="0.002367"/>
      </testsuite>
    </testsuite>
  </testsuite>
<testsuites name="vitest tests" tests="12" failures="0" errors="0" time="0.13195267">
    <testsuite name="src/api/client.test.ts" timestamp="2026-04-01T10:02:57.256Z" hostname="bccff45e5891" tests="1" failures="0" errors="0" skipped="0" time="0.018361025">
        <testcase classname="src/api/client.test.ts" name="API conventions &gt; uses the versioned API base path" time="0.010163196">
        </testcase>
    </testsuite>
    <testsuite name="src/router/guard.test.ts" timestamp="2026-04-01T10:02:57.261Z" hostname="bccff45e5891" tests="3" failures="0" errors="0" skipped="0" time="0.043376973">
        <testcase classname="src/router/guard.test.ts" name="router navigation guard &gt; redirects unauthenticated user to /login" time="0.032254953">
        </testcase>
        <testcase classname="src/router/guard.test.ts" name="router navigation guard &gt; redirects authenticated user with wrong role to /unauthorized" time="0.003302113">
        </testcase>
        <testcase classname="src/router/guard.test.ts" name="router navigation guard &gt; allows authenticated user with correct role to access the route" time="0.0026889">
        </testcase>
    </testsuite>
    <testsuite name="src/router/menu.test.ts" timestamp="2026-04-01T10:02:57.268Z" hostname="bccff45e5891" tests="2" failures="0" errors="0" skipped="0" time="0.020902083">
        <testcase classname="src/router/menu.test.ts" name="menu and messaging helpers &gt; resolves first allowed workspace by role" time="0.012190979">
        </testcase>
        <testcase classname="src/router/menu.test.ts" name="menu and messaging helpers &gt; maps session expiration to actionable message" time="0.001073437">
        </testcase>
    </testsuite>
    <testsuite name="src/stores/auth.test.ts" timestamp="2026-04-01T10:02:57.272Z" hostname="bccff45e5891" tests="3" failures="0" errors="0" skipped="0" time="0.032640087">
        <testcase classname="src/stores/auth.test.ts" name="auth store &gt; signs in and hydrates authenticated user" time="0.022887365">
        </testcase>
        <testcase classname="src/stores/auth.test.ts" name="auth store &gt; enables captcha state when backend requires captcha" time="0.003859506">
        </testcase>
        <testcase classname="src/stores/auth.test.ts" name="auth store &gt; clears token and user on signOut" time="0.00253068">
        </testcase>
    </testsuite>
    <testsuite name="src/utils/rentalValidation.test.ts" timestamp="2026-04-01T10:02:57.278Z" hostname="bccff45e5891" tests="3" failures="0" errors="0" skipped="0" time="0.016672502">
        <testcase classname="src/utils/rentalValidation.test.ts" name="validateCheckoutForm &gt; validates successfully when all fields are present and asset is available" time="0.008592097">
        </testcase>
        <testcase classname="src/utils/rentalValidation.test.ts" name="validateCheckoutForm &gt; returns an error when expected_return_at is missing" time="0.00099185">
        </testcase>
        <testcase classname="src/utils/rentalValidation.test.ts" name="validateCheckoutForm &gt; returns a double-booking error when asset status is rented" time="0.002180072">
        </testcase>
    </testsuite>
</testsuites>
