<?xml version="1.0" encoding="UTF-8"?>
<testsuites>
  <testsuite name="/var/www/phpunit.xml" tests="13" assertions="21" errors="0" failures="12" skipped="0" time="1.073021">
    <testsuite name="Feature" tests="13" assertions="21" errors="0" failures="12" skipped="0" time="1.073021">
      <testsuite name="Tests\Feature\Auth\AuthApiTest" file="/var/www/tests/Feature/Auth/AuthApiTest.php" tests="5" assertions="5" errors="0" failures="5" skipped="0" time="0.548685">
        <testcase name="test_login_success_and_me_endpoint" file="/var/www/tests/Feature/Auth/AuthApiTest.php" line="21" class="Tests\Feature\Auth\AuthApiTest" classname="Tests.Feature.Auth.AuthApiTest" assertions="1" time="0.372140">
          <failure type="PHPUnit\Framework\ExpectationFailedException">Tests\Feature\Auth\AuthApiTest::test_login_success_and_me_endpoint
Expected response status code [200] but received 422.
Failed asserting that 422 is identical to 200.

/var/www/vendor/laravel/framework/src/Illuminate/Testing/TestResponseAssert.php:45
/var/www/vendor/laravel/framework/src/Illuminate/Testing/TestResponse.php:176
/var/www/vendor/laravel/framework/src/Illuminate/Testing/Concerns/AssertsStatusCodes.php:16
/var/www/tests/Feature/Auth/AuthApiTest.php:30</failure>
        </testcase>
        <testcase name="test_login_failure_returns_unauthorized_and_audit_event" file="/var/www/tests/Feature/Auth/AuthApiTest.php" line="52" class="Tests\Feature\Auth\AuthApiTest" classname="Tests.Feature.Auth.AuthApiTest" assertions="1" time="0.052060">
          <failure type="PHPUnit\Framework\ExpectationFailedException">Tests\Feature\Auth\AuthApiTest::test_login_failure_returns_unauthorized_and_audit_event
Expected response status code [401] but received 422.
Failed asserting that 422 is identical to 401.

/var/www/vendor/laravel/framework/src/Illuminate/Testing/TestResponseAssert.php:45
/var/www/vendor/laravel/framework/src/Illuminate/Testing/TestResponse.php:176
/var/www/tests/Feature/Auth/AuthApiTest.php:61</failure>
        </testcase>
        <testcase name="test_captcha_is_required_after_five_failed_attempts" file="/var/www/tests/Feature/Auth/AuthApiTest.php" line="71" class="Tests\Feature\Auth\AuthApiTest" classname="Tests.Feature.Auth.AuthApiTest" assertions="1" time="0.044190">
          <failure type="PHPUnit\Framework\ExpectationFailedException">Tests\Feature\Auth\AuthApiTest::test_captcha_is_required_after_five_failed_attempts
Expected response status code [401] but received 422.
Failed asserting that 422 is identical to 401.

/var/www/vendor/laravel/framework/src/Illuminate/Testing/TestResponseAssert.php:45
/var/www/vendor/laravel/framework/src/Illuminate/Testing/TestResponse.php:176
/var/www/tests/Feature/Auth/AuthApiTest.php:79</failure>
        </testcase>
        <testcase name="test_inactivity_timeout_invalidates_token" file="/var/www/tests/Feature/Auth/AuthApiTest.php" line="99" class="Tests\Feature\Auth\AuthApiTest" classname="Tests.Feature.Auth.AuthApiTest" assertions="1" time="0.041528">
          <failure type="PHPUnit\Framework\ExpectationFailedException">Tests\Feature\Auth\AuthApiTest::test_inactivity_timeout_invalidates_token
Expected response status code [200] but received 422.
Failed asserting that 422 is identical to 200.

/var/www/vendor/laravel/framework/src/Illuminate/Testing/TestResponseAssert.php:45
/var/www/vendor/laravel/framework/src/Illuminate/Testing/TestResponse.php:176
/var/www/vendor/laravel/framework/src/Illuminate/Testing/Concerns/AssertsStatusCodes.php:16
/var/www/tests/Feature/Auth/AuthApiTest.php:107</failure>
        </testcase>
        <testcase name="test_logout_revokes_current_token" file="/var/www/tests/Feature/Auth/AuthApiTest.php" line="120" class="Tests\Feature\Auth\AuthApiTest" classname="Tests.Feature.Auth.AuthApiTest" assertions="1" time="0.038768">
          <failure type="PHPUnit\Framework\ExpectationFailedException">Tests\Feature\Auth\AuthApiTest::test_logout_revokes_current_token
Expected response status code [200] but received 422.
Failed asserting that 422 is identical to 200.

/var/www/vendor/laravel/framework/src/Illuminate/Testing/TestResponseAssert.php:45
/var/www/vendor/laravel/framework/src/Illuminate/Testing/TestResponse.php:176
/var/www/vendor/laravel/framework/src/Illuminate/Testing/Concerns/AssertsStatusCodes.php:16
/var/www/tests/Feature/Auth/AuthApiTest.php:126</failure>
        </testcase>
      </testsuite>
      <testsuite name="Tests\Feature\Auth\RbacAuthorizationTest" file="/var/www/tests/Feature/Auth/RbacAuthorizationTest.php" tests="2" assertions="2" errors="0" failures="2" skipped="0" time="0.145224">
        <testcase name="test_inventory_clerk_is_denied_admin_only_endpoint" file="/var/www/tests/Feature/Auth/RbacAuthorizationTest.php" line="19" class="Tests\Feature\Auth\RbacAuthorizationTest" classname="Tests.Feature.Auth.RbacAuthorizationTest" assertions="1" time="0.096241">
          <failure type="PHPUnit\Framework\ExpectationFailedException">Tests\Feature\Auth\RbacAuthorizationTest::test_inventory_clerk_is_denied_admin_only_endpoint
Expected response status code [200] but received 401.
Failed asserting that 401 is identical to 200.

/var/www/vendor/laravel/framework/src/Illuminate/Testing/TestResponseAssert.php:45
/var/www/vendor/laravel/framework/src/Illuminate/Testing/TestResponse.php:176
/var/www/vendor/laravel/framework/src/Illuminate/Testing/Concerns/AssertsStatusCodes.php:16
/var/www/tests/Feature/Auth/RbacAuthorizationTest.php:51
/var/www/tests/Feature/Auth/RbacAuthorizationTest.php:21</failure>
        </testcase>
        <testcase name="test_clinic_manager_is_allowed_manager_scoped_endpoint" file="/var/www/tests/Feature/Auth/RbacAuthorizationTest.php" line="35" class="Tests\Feature\Auth\RbacAuthorizationTest" classname="Tests.Feature.Auth.RbacAuthorizationTest" assertions="1" time="0.048983">
          <failure type="PHPUnit\Framework\ExpectationFailedException">Tests\Feature\Auth\RbacAuthorizationTest::test_clinic_manager_is_allowed_manager_scoped_endpoint
Expected response status code [200] but received 422.
Failed asserting that 422 is identical to 200.

/var/www/vendor/laravel/framework/src/Illuminate/Testing/TestResponseAssert.php:45
/var/www/vendor/laravel/framework/src/Illuminate/Testing/TestResponse.php:176
/var/www/vendor/laravel/framework/src/Illuminate/Testing/Concerns/AssertsStatusCodes.php:16
/var/www/tests/Feature/Auth/RbacAuthorizationTest.php:51
/var/www/tests/Feature/Auth/RbacAuthorizationTest.php:37</failure>
        </testcase>
      </testsuite>
      <testsuite name="Tests\Feature\Domain\ContentReviewsAuditApiTest" file="/var/www/tests/Feature/Domain/ContentReviewsAuditApiTest.php" tests="1" assertions="1" errors="0" failures="1" skipped="0" time="0.075439">
        <testcase name="test_content_workflow_review_moderation_and_q15_partition_archive" file="/var/www/tests/Feature/Domain/ContentReviewsAuditApiTest.php" line="19" class="Tests\Feature\Domain\ContentReviewsAuditApiTest" classname="Tests.Feature.Domain.ContentReviewsAuditApiTest" assertions="1" time="0.075439">
          <failure type="PHPUnit\Framework\ExpectationFailedException">Tests\Feature\Domain\ContentReviewsAuditApiTest::test_content_workflow_review_moderation_and_q15_partition_archive
Expected response status code [200] but received 401.
Failed asserting that 401 is identical to 200.

/var/www/vendor/laravel/framework/src/Illuminate/Testing/TestResponseAssert.php:45
/var/www/vendor/laravel/framework/src/Illuminate/Testing/TestResponse.php:176
/var/www/vendor/laravel/framework/src/Illuminate/Testing/Concerns/AssertsStatusCodes.php:16
/var/www/tests/Feature/Domain/ContentReviewsAuditApiTest.php:93
/var/www/tests/Feature/Domain/ContentReviewsAuditApiTest.php:21</failure>
        </testcase>
      </testsuite>
      <testsuite name="Tests\Feature\Domain\ImportDedupApiTest" file="/var/www/tests/Feature/Domain/ImportDedupApiTest.php" tests="1" assertions="1" errors="0" failures="1" skipped="0" time="0.071206">
        <testcase name="test_q9_conflict_detection_and_resolution" file="/var/www/tests/Feature/Domain/ImportDedupApiTest.php" line="19" class="Tests\Feature\Domain\ImportDedupApiTest" classname="Tests.Feature.Domain.ImportDedupApiTest" assertions="1" time="0.071206">
          <failure type="PHPUnit\Framework\ExpectationFailedException">Tests\Feature\Domain\ImportDedupApiTest::test_q9_conflict_detection_and_resolution
Expected response status code [200] but received 401.
Failed asserting that 401 is identical to 200.

/var/www/vendor/laravel/framework/src/Illuminate/Testing/TestResponseAssert.php:45
/var/www/vendor/laravel/framework/src/Illuminate/Testing/TestResponse.php:176
/var/www/vendor/laravel/framework/src/Illuminate/Testing/Concerns/AssertsStatusCodes.php:16
/var/www/tests/Feature/Domain/ImportDedupApiTest.php:79
/var/www/tests/Feature/Domain/ImportDedupApiTest.php:21</failure>
        </testcase>
      </testsuite>
      <testsuite name="Tests\Feature\Domain\InventoryApiTest" file="/var/www/tests/Feature/Domain/InventoryApiTest.php" tests="1" assertions="1" errors="0" failures="1" skipped="0" time="0.074987">
        <testcase name="test_stocktake_variance_requires_approval_and_q5_reservations_work" file="/var/www/tests/Feature/Domain/InventoryApiTest.php" line="19" class="Tests\Feature\Domain\InventoryApiTest" classname="Tests.Feature.Domain.InventoryApiTest" assertions="1" time="0.074987">
          <failure type="PHPUnit\Framework\ExpectationFailedException">Tests\Feature\Domain\InventoryApiTest::test_stocktake_variance_requires_approval_and_q5_reservations_work
Expected response status code [200] but received 401.
Failed asserting that 401 is identical to 200.

/var/www/vendor/laravel/framework/src/Illuminate/Testing/TestResponseAssert.php:45
/var/www/vendor/laravel/framework/src/Illuminate/Testing/TestResponse.php:176
/var/www/vendor/laravel/framework/src/Illuminate/Testing/Concerns/AssertsStatusCodes.php:16
/var/www/tests/Feature/Domain/InventoryApiTest.php:89
/var/www/tests/Feature/Domain/InventoryApiTest.php:21</failure>
        </testcase>
      </testsuite>
      <testsuite name="Tests\Feature\Domain\MasterDataApiTest" file="/var/www/tests/Feature/Domain/MasterDataApiTest.php" tests="1" assertions="1" errors="0" failures="1" skipped="0" time="0.083350">
        <testcase name="test_master_data_version_and_revert_flow" file="/var/www/tests/Feature/Domain/MasterDataApiTest.php" line="18" class="Tests\Feature\Domain\MasterDataApiTest" classname="Tests.Feature.Domain.MasterDataApiTest" assertions="1" time="0.083350">
          <failure type="PHPUnit\Framework\ExpectationFailedException">Tests\Feature\Domain\MasterDataApiTest::test_master_data_version_and_revert_flow
Expected response status code [200] but received 401.
Failed asserting that 401 is identical to 200.

/var/www/vendor/laravel/framework/src/Illuminate/Testing/TestResponseAssert.php:45
/var/www/vendor/laravel/framework/src/Illuminate/Testing/TestResponse.php:176
/var/www/vendor/laravel/framework/src/Illuminate/Testing/Concerns/AssertsStatusCodes.php:16
/var/www/tests/Feature/Domain/MasterDataApiTest.php:58
/var/www/tests/Feature/Domain/MasterDataApiTest.php:20</failure>
        </testcase>
      </testsuite>
      <testsuite name="Tests\Feature\Domain\RentalsApiTest" file="/var/www/tests/Feature/Domain/RentalsApiTest.php" tests="1" assertions="1" errors="0" failures="1" skipped="0" time="0.051114">
        <testcase name="test_double_booking_prevention_and_transfer_workflow" file="/var/www/tests/Feature/Domain/RentalsApiTest.php" line="19" class="Tests\Feature\Domain\RentalsApiTest" classname="Tests.Feature.Domain.RentalsApiTest" assertions="1" time="0.051114">
          <failure type="PHPUnit\Framework\ExpectationFailedException">Tests\Feature\Domain\RentalsApiTest::test_double_booking_prevention_and_transfer_workflow
Expected response status code [200] but received 422.
Failed asserting that 422 is identical to 200.

/var/www/vendor/laravel/framework/src/Illuminate/Testing/TestResponseAssert.php:45
/var/www/vendor/laravel/framework/src/Illuminate/Testing/TestResponse.php:176
/var/www/vendor/laravel/framework/src/Illuminate/Testing/Concerns/AssertsStatusCodes.php:16
/var/www/tests/Feature/Domain/RentalsApiTest.php:87
/var/www/tests/Feature/Domain/RentalsApiTest.php:21</failure>
        </testcase>
      </testsuite>
      <testsuite name="Tests\Feature\ExampleTest" file="/var/www/tests/Feature/ExampleTest.php" tests="1" assertions="9" errors="0" failures="0" skipped="0" time="0.023017">
        <testcase name="test_health_endpoint_returns_vetops_conventions" file="/var/www/tests/Feature/ExampleTest.php" line="13" class="Tests\Feature\ExampleTest" classname="Tests.Feature.ExampleTest" assertions="9" time="0.023017"/>
      </testsuite>
    </testsuite>
  </testsuite>
</testsuites>
