<?xml version="1.0" encoding="UTF-8"?>
<testsuites name="unit_tests_aggregate">
<testsuites>
  <testsuite name="/var/www/phpunit.xml" tests="1" assertions="1" errors="0" failures="0" skipped="0" time="0.000768">
    <testsuite name="Unit" tests="1" assertions="1" errors="0" failures="0" skipped="0" time="0.000768">
      <testsuite name="Tests\Unit\ExampleTest" file="/var/www/tests/Unit/ExampleTest.php" tests="1" assertions="1" errors="0" failures="0" skipped="0" time="0.000768">
        <testcase name="test_that_true_is_true" file="/var/www/tests/Unit/ExampleTest.php" line="12" class="Tests\Unit\ExampleTest" classname="Tests.Unit.ExampleTest" assertions="1" time="0.000768"/>
      </testsuite>
    </testsuite>
  </testsuite>
<testsuites name="vitest tests" tests="5" failures="0" errors="0" time="0.05708515">
    <testsuite name="src/api/client.test.ts" timestamp="2026-03-30T22:16:21.988Z" hostname="ca41d045352e" tests="1" failures="0" errors="0" skipped="0" time="0.01034716">
        <testcase classname="src/api/client.test.ts" name="API conventions &gt; uses the versioned API base path" time="0.006534997">
        </testcase>
    </testsuite>
    <testsuite name="src/stores/auth.test.ts" timestamp="2026-03-30T22:16:21.997Z" hostname="ca41d045352e" tests="2" failures="0" errors="0" skipped="0" time="0.035857573">
        <testcase classname="src/stores/auth.test.ts" name="auth store &gt; signs in and hydrates authenticated user" time="0.028315504">
        </testcase>
        <testcase classname="src/stores/auth.test.ts" name="auth store &gt; enables captcha state when backend requires captcha" time="0.004345412">
        </testcase>
    </testsuite>
    <testsuite name="src/router/menu.test.ts" timestamp="2026-03-30T22:16:22.003Z" hostname="ca41d045352e" tests="2" failures="0" errors="0" skipped="0" time="0.010880417">
        <testcase classname="src/router/menu.test.ts" name="menu and messaging helpers &gt; resolves first allowed workspace by role" time="0.004854496">
        </testcase>
        <testcase classname="src/router/menu.test.ts" name="menu and messaging helpers &gt; maps session expiration to actionable message" time="0.000815101">
        </testcase>
    </testsuite>
</testsuites>
