
   PASS  Tests\Feature\Api\AllApiEndpointsTest
  ✓ health endpoint                                                      0.42s  
  ✓ auth csrf token                                                      0.05s  
  ✓ auth login me and logout                                             0.07s  
  ✓ auth password change rejects wrong current password                  0.10s  
  ✓ master data routes                                                   0.06s  
  ✓ rentals routes                                                       0.07s  
  ✓ inventory routes                                                     0.10s  
  ✓ content and reviews routes                                           0.10s  
  ✓ analytics routes                                                     0.07s  
  ✓ audit routes                                                         0.07s  
  ✓ imports exports dedup routes                                         0.07s  

   PASS  Tests\Feature\Auth\AuthApiTest
  ✓ login success and me endpoint                                        0.06s  
  ✓ login failure returns unauthorized and audit event                   0.05s  
  ✓ captcha is required after five failed attempts                       0.09s  
  ✓ inactivity timeout invalidates token                                 0.05s  
  ✓ logout revokes current token                                         0.05s  

   PASS  Tests\Feature\Auth\RbacAuthorizationTest
  ✓ inventory clerk is denied admin only endpoint                        0.06s  
  ✓ clinic manager is allowed manager scoped endpoint                    0.05s  

   PASS  Tests\Feature\Domain\ContentReviewsAuditApiTest
  ✓ content workflow review moderation and q15 partition archive         0.08s  

   PASS  Tests\Feature\Domain\ImportDedupApiTest
  ✓ q9 conflict detection and resolution                                 0.07s  

   PASS  Tests\Feature\Domain\InventoryApiTest
  ✓ stocktake variance requires approval and q5 reservations work        0.08s  

   PASS  Tests\Feature\Domain\MasterDataApiTest
  ✓ master data version and revert flow                                  0.06s  

   PASS  Tests\Feature\Domain\RentalsApiTest
  ✓ double booking prevention and transfer workflow                      0.08s  

   PASS  Tests\Feature\ExampleTest
  ✓ health endpoint returns vetops conventions                           0.01s  

  Tests:    24 passed (162 assertions)
  Duration: 2.12s

<?xml version="1.0" encoding="UTF-8"?>
<testsuites>
  <testsuite name="/var/www/phpunit.xml" tests="24" assertions="162" errors="0" failures="0" skipped="0" time="1.953088">
    <testsuite name="Feature" tests="24" assertions="162" errors="0" failures="0" skipped="0" time="1.953088">
      <testsuite name="Tests\Feature\Api\AllApiEndpointsTest" file="/var/www/tests/Feature/Api/AllApiEndpointsTest.php" tests="11" assertions="74" errors="0" failures="0" skipped="0" time="1.173634">
        <testcase name="test_health_endpoint" file="/var/www/tests/Feature/Api/AllApiEndpointsTest.php" line="39" class="Tests\Feature\Api\AllApiEndpointsTest" classname="Tests.Feature.Api.AllApiEndpointsTest" assertions="2" time="0.423567"/>
        <testcase name="test_auth_csrf_token" file="/var/www/tests/Feature/Api/AllApiEndpointsTest.php" line="46" class="Tests\Feature\Api\AllApiEndpointsTest" classname="Tests.Feature.Api.AllApiEndpointsTest" assertions="3" time="0.045185"/>
        <testcase name="test_auth_login_me_and_logout" file="/var/www/tests/Feature/Api/AllApiEndpointsTest.php" line="53" class="Tests\Feature\Api\AllApiEndpointsTest" classname="Tests.Feature.Api.AllApiEndpointsTest" assertions="5" time="0.067404"/>
        <testcase name="test_auth_password_change_rejects_wrong_current_password" file="/var/www/tests/Feature/Api/AllApiEndpointsTest.php" line="67" class="Tests\Feature\Api\AllApiEndpointsTest" classname="Tests.Feature.Api.AllApiEndpointsTest" assertions="3" time="0.098204"/>
        <testcase name="test_master_data_routes" file="/var/www/tests/Feature/Api/AllApiEndpointsTest.php" line="81" class="Tests\Feature\Api\AllApiEndpointsTest" classname="Tests.Feature.Api.AllApiEndpointsTest" assertions="6" time="0.061483"/>
        <testcase name="test_rentals_routes" file="/var/www/tests/Feature/Api/AllApiEndpointsTest.php" line="106" class="Tests\Feature\Api\AllApiEndpointsTest" classname="Tests.Feature.Api.AllApiEndpointsTest" assertions="10" time="0.073629"/>
        <testcase name="test_inventory_routes" file="/var/www/tests/Feature/Api/AllApiEndpointsTest.php" line="150" class="Tests\Feature\Api\AllApiEndpointsTest" classname="Tests.Feature.Api.AllApiEndpointsTest" assertions="13" time="0.102647"/>
        <testcase name="test_content_and_reviews_routes" file="/var/www/tests/Feature/Api/AllApiEndpointsTest.php" line="239" class="Tests\Feature\Api\AllApiEndpointsTest" classname="Tests.Feature.Api.AllApiEndpointsTest" assertions="14" time="0.103085"/>
        <testcase name="test_analytics_routes" file="/var/www/tests/Feature/Api/AllApiEndpointsTest.php" line="283" class="Tests\Feature\Api\AllApiEndpointsTest" classname="Tests.Feature.Api.AllApiEndpointsTest" assertions="4" time="0.066859"/>
        <testcase name="test_audit_routes" file="/var/www/tests/Feature/Api/AllApiEndpointsTest.php" line="292" class="Tests\Feature\Api\AllApiEndpointsTest" classname="Tests.Feature.Api.AllApiEndpointsTest" assertions="6" time="0.065683"/>
        <testcase name="test_imports_exports_dedup_routes" file="/var/www/tests/Feature/Api/AllApiEndpointsTest.php" line="324" class="Tests\Feature\Api\AllApiEndpointsTest" classname="Tests.Feature.Api.AllApiEndpointsTest" assertions="8" time="0.065886"/>
      </testsuite>
      <testsuite name="Tests\Feature\Auth\AuthApiTest" file="/var/www/tests/Feature/Auth/AuthApiTest.php" tests="5" assertions="32" errors="0" failures="0" skipped="0" time="0.292942">
        <testcase name="test_login_success_and_me_endpoint" file="/var/www/tests/Feature/Auth/AuthApiTest.php" line="21" class="Tests\Feature\Auth\AuthApiTest" classname="Tests.Feature.Auth.AuthApiTest" assertions="14" time="0.057156"/>
        <testcase name="test_login_failure_returns_unauthorized_and_audit_event" file="/var/www/tests/Feature/Auth/AuthApiTest.php" line="52" class="Tests\Feature\Auth\AuthApiTest" classname="Tests.Feature.Auth.AuthApiTest" assertions="3" time="0.047493"/>
        <testcase name="test_captcha_is_required_after_five_failed_attempts" file="/var/www/tests/Feature/Auth/AuthApiTest.php" line="71" class="Tests\Feature\Auth\AuthApiTest" classname="Tests.Feature.Auth.AuthApiTest" assertions="8" time="0.090668"/>
        <testcase name="test_inactivity_timeout_invalidates_token" file="/var/www/tests/Feature/Auth/AuthApiTest.php" line="99" class="Tests\Feature\Auth\AuthApiTest" classname="Tests.Feature.Auth.AuthApiTest" assertions="3" time="0.049896"/>
        <testcase name="test_logout_revokes_current_token" file="/var/www/tests/Feature/Auth/AuthApiTest.php" line="120" class="Tests\Feature\Auth\AuthApiTest" classname="Tests.Feature.Auth.AuthApiTest" assertions="4" time="0.047728"/>
      </testsuite>
      <testsuite name="Tests\Feature\Auth\RbacAuthorizationTest" file="/var/www/tests/Feature/Auth/RbacAuthorizationTest.php" tests="2" assertions="6" errors="0" failures="0" skipped="0" time="0.104211">
        <testcase name="test_inventory_clerk_is_denied_admin_only_endpoint" file="/var/www/tests/Feature/Auth/RbacAuthorizationTest.php" line="19" class="Tests\Feature\Auth\RbacAuthorizationTest" classname="Tests.Feature.Auth.RbacAuthorizationTest" assertions="4" time="0.056701"/>
        <testcase name="test_clinic_manager_is_allowed_manager_scoped_endpoint" file="/var/www/tests/Feature/Auth/RbacAuthorizationTest.php" line="35" class="Tests\Feature\Auth\RbacAuthorizationTest" classname="Tests.Feature.Auth.RbacAuthorizationTest" assertions="2" time="0.047509"/>
      </testsuite>
      <testsuite name="Tests\Feature\Domain\ContentReviewsAuditApiTest" file="/var/www/tests/Feature/Domain/ContentReviewsAuditApiTest.php" tests="1" assertions="10" errors="0" failures="0" skipped="0" time="0.082728">
        <testcase name="test_content_workflow_review_moderation_and_q15_partition_archive" file="/var/www/tests/Feature/Domain/ContentReviewsAuditApiTest.php" line="19" class="Tests\Feature\Domain\ContentReviewsAuditApiTest" classname="Tests.Feature.Domain.ContentReviewsAuditApiTest" assertions="10" time="0.082728"/>
      </testsuite>
      <testsuite name="Tests\Feature\Domain\ImportDedupApiTest" file="/var/www/tests/Feature/Domain/ImportDedupApiTest.php" tests="1" assertions="7" errors="0" failures="0" skipped="0" time="0.068485">
        <testcase name="test_q9_conflict_detection_and_resolution" file="/var/www/tests/Feature/Domain/ImportDedupApiTest.php" line="19" class="Tests\Feature\Domain\ImportDedupApiTest" classname="Tests.Feature.Domain.ImportDedupApiTest" assertions="7" time="0.068485"/>
      </testsuite>
      <testsuite name="Tests\Feature\Domain\InventoryApiTest" file="/var/www/tests/Feature/Domain/InventoryApiTest.php" tests="1" assertions="10" errors="0" failures="0" skipped="0" time="0.082650">
        <testcase name="test_stocktake_variance_requires_approval_and_q5_reservations_work" file="/var/www/tests/Feature/Domain/InventoryApiTest.php" line="19" class="Tests\Feature\Domain\InventoryApiTest" classname="Tests.Feature.Domain.InventoryApiTest" assertions="10" time="0.082650"/>
      </testsuite>
      <testsuite name="Tests\Feature\Domain\MasterDataApiTest" file="/var/www/tests/Feature/Domain/MasterDataApiTest.php" tests="1" assertions="5" errors="0" failures="0" skipped="0" time="0.061969">
        <testcase name="test_master_data_version_and_revert_flow" file="/var/www/tests/Feature/Domain/MasterDataApiTest.php" line="18" class="Tests\Feature\Domain\MasterDataApiTest" classname="Tests.Feature.Domain.MasterDataApiTest" assertions="5" time="0.061969"/>
      </testsuite>
      <testsuite name="Tests\Feature\Domain\RentalsApiTest" file="/var/www/tests/Feature/Domain/RentalsApiTest.php" tests="1" assertions="9" errors="0" failures="0" skipped="0" time="0.075817">
        <testcase name="test_double_booking_prevention_and_transfer_workflow" file="/var/www/tests/Feature/Domain/RentalsApiTest.php" line="19" class="Tests\Feature\Domain\RentalsApiTest" classname="Tests.Feature.Domain.RentalsApiTest" assertions="9" time="0.075817"/>
      </testsuite>
      <testsuite name="Tests\Feature\ExampleTest" file="/var/www/tests/Feature/ExampleTest.php" tests="1" assertions="9" errors="0" failures="0" skipped="0" time="0.010653">
        <testcase name="test_health_endpoint_returns_vetops_conventions" file="/var/www/tests/Feature/ExampleTest.php" line="13" class="Tests\Feature\ExampleTest" classname="Tests.Feature.ExampleTest" assertions="9" time="0.010653"/>
      </testsuite>
    </testsuite>
  </testsuite>
</testsuites>
