<?xml version="1.0" encoding="UTF-8"?>
<testsuites name="unit_tests_aggregate">
<testsuites>
  <testsuite name="/var/www/phpunit.xml" tests="1" assertions="1" errors="0" failures="0" skipped="0" time="0.001426">
    <testsuite name="Unit" tests="1" assertions="1" errors="0" failures="0" skipped="0" time="0.001426">
      <testsuite name="Tests\Unit\ExampleTest" file="/var/www/tests/Unit/ExampleTest.php" tests="1" assertions="1" errors="0" failures="0" skipped="0" time="0.001426">
        <testcase name="test_that_true_is_true" file="/var/www/tests/Unit/ExampleTest.php" line="12" class="Tests\Unit\ExampleTest" classname="Tests.Unit.ExampleTest" assertions="1" time="0.001426"/>
      </testsuite>
    </testsuite>
  </testsuite>
<testsuites name="vitest tests" tests="12" failures="0" errors="0" time="0.102298647">
    <testsuite name="src/api/client.test.ts" timestamp="2026-04-01T19:51:44.329Z" hostname="0b7e171b8e99" tests="1" failures="0" errors="0" skipped="0" time="0.00979928">
        <testcase classname="src/api/client.test.ts" name="API conventions &gt; uses the versioned API base path" time="0.006503624">
        </testcase>
    </testsuite>
    <testsuite name="src/router/guard.test.ts" timestamp="2026-04-01T19:51:44.333Z" hostname="0b7e171b8e99" tests="3" failures="0" errors="0" skipped="0" time="0.03562921">
        <testcase classname="src/router/guard.test.ts" name="router navigation guard &gt; redirects unauthenticated user to /login" time="0.026431494">
        </testcase>
        <testcase classname="src/router/guard.test.ts" name="router navigation guard &gt; redirects authenticated user with wrong role to /unauthorized" time="0.004579541">
        </testcase>
        <testcase classname="src/router/guard.test.ts" name="router navigation guard &gt; allows authenticated user with correct role to access the route" time="0.001622789">
        </testcase>
    </testsuite>
    <testsuite name="src/router/menu.test.ts" timestamp="2026-04-01T19:51:44.341Z" hostname="0b7e171b8e99" tests="2" failures="0" errors="0" skipped="0" time="0.009700945">
        <testcase classname="src/router/menu.test.ts" name="menu and messaging helpers &gt; resolves first allowed workspace by role" time="0.004859243">
        </testcase>
        <testcase classname="src/router/menu.test.ts" name="menu and messaging helpers &gt; maps session expiration to actionable message" time="0.001112072">
        </testcase>
    </testsuite>
    <testsuite name="src/stores/auth.test.ts" timestamp="2026-04-01T19:51:44.348Z" hostname="0b7e171b8e99" tests="3" failures="0" errors="0" skipped="0" time="0.028479202">
        <testcase classname="src/stores/auth.test.ts" name="auth store &gt; signs in and hydrates authenticated user" time="0.021100513">
        </testcase>
        <testcase classname="src/stores/auth.test.ts" name="auth store &gt; enables captcha state when backend requires captcha" time="0.002693373">
        </testcase>
        <testcase classname="src/stores/auth.test.ts" name="auth store &gt; clears token and user on signOut" time="0.001902466">
        </testcase>
    </testsuite>
    <testsuite name="src/utils/rentalValidation.test.ts" timestamp="2026-04-01T19:51:44.356Z" hostname="0b7e171b8e99" tests="3" failures="0" errors="0" skipped="0" time="0.01869001">
        <testcase classname="src/utils/rentalValidation.test.ts" name="validateCheckoutForm &gt; validates successfully when all fields are present and asset is available" time="0.013321801">
        </testcase>
        <testcase classname="src/utils/rentalValidation.test.ts" name="validateCheckoutForm &gt; returns an error when expected_return_at is missing" time="0.000612691">
        </testcase>
        <testcase classname="src/utils/rentalValidation.test.ts" name="validateCheckoutForm &gt; returns a double-booking error when asset status is rented" time="0.000408516">
        </testcase>
    </testsuite>
</testsuites>
