<?xml version="1.0" encoding="UTF-8"?>
<testsuites name="unit_tests_aggregate">
<testsuites>
  <testsuite name="/var/www/phpunit.xml" tests="1" assertions="1" errors="0" failures="0" skipped="0" time="0.000686">
    <testsuite name="Unit" tests="1" assertions="1" errors="0" failures="0" skipped="0" time="0.000686">
      <testsuite name="Tests\Unit\ExampleTest" file="/var/www/tests/Unit/ExampleTest.php" tests="1" assertions="1" errors="0" failures="0" skipped="0" time="0.000686">
        <testcase name="test_that_true_is_true" file="/var/www/tests/Unit/ExampleTest.php" line="12" class="Tests\Unit\ExampleTest" classname="Tests.Unit.ExampleTest" assertions="1" time="0.000686"/>
      </testsuite>
    </testsuite>
  </testsuite>
<testsuites name="vitest tests" tests="5" failures="0" errors="0" time="0.04723082">
    <testsuite name="src/api/client.test.ts" timestamp="2026-03-30T22:14:33.524Z" hostname="3e32e9717ac8" tests="1" failures="0" errors="0" skipped="0" time="0.011297361">
        <testcase classname="src/api/client.test.ts" name="API conventions &gt; uses the versioned API base path" time="0.007438258">
        </testcase>
    </testsuite>
    <testsuite name="src/router/menu.test.ts" timestamp="2026-03-30T22:14:33.527Z" hostname="3e32e9717ac8" tests="2" failures="0" errors="0" skipped="0" time="0.011531856">
        <testcase classname="src/router/menu.test.ts" name="menu and messaging helpers &gt; resolves first allowed workspace by role" time="0.005300273">
        </testcase>
        <testcase classname="src/router/menu.test.ts" name="menu and messaging helpers &gt; maps session expiration to actionable message" time="0.000648927">
        </testcase>
    </testsuite>
    <testsuite name="src/stores/auth.test.ts" timestamp="2026-03-30T22:14:33.532Z" hostname="3e32e9717ac8" tests="2" failures="0" errors="0" skipped="0" time="0.024401603">
        <testcase classname="src/stores/auth.test.ts" name="auth store &gt; signs in and hydrates authenticated user" time="0.017218866">
        </testcase>
        <testcase classname="src/stores/auth.test.ts" name="auth store &gt; enables captcha state when backend requires captcha" time="0.002565727">
        </testcase>
    </testsuite>
</testsuites>
