<?xml version="1.0" encoding="UTF-8"?>
<testsuites name="unit_tests_aggregate">
   PASS  Tests\Unit\ExampleTest
  ✓ that true is true

  Tests:    1 passed (1 assertions)
  Duration: 0.12s

<?xml version="1.0" encoding="UTF-8"?>
<testsuites>
  <testsuite name="/var/www/phpunit.xml" tests="1" assertions="1" errors="0" failures="0" skipped="0" time="0.000398">
    <testsuite name="Unit" tests="1" assertions="1" errors="0" failures="0" skipped="0" time="0.000398">
      <testsuite name="Tests\Unit\ExampleTest" file="/var/www/tests/Unit/ExampleTest.php" tests="1" assertions="1" errors="0" failures="0" skipped="0" time="0.000398">
        <testcase name="test_that_true_is_true" file="/var/www/tests/Unit/ExampleTest.php" line="12" class="Tests\Unit\ExampleTest" classname="Tests.Unit.ExampleTest" assertions="1" time="0.000398"/>
      </testsuite>
    </testsuite>
  </testsuite>
<testsuites name="vitest tests" tests="5" failures="0" errors="0" time="0.033151481">
    <testsuite name="src/api/client.test.ts" timestamp="2026-03-30T23:03:21.615Z" hostname="32e1809f3b02" tests="1" failures="0" errors="0" skipped="0" time="0.009223861">
        <testcase classname="src/api/client.test.ts" name="API conventions &gt; uses the versioned API base path" time="0.005192611">
        </testcase>
    </testsuite>
    <testsuite name="src/stores/auth.test.ts" timestamp="2026-03-30T23:03:21.619Z" hostname="32e1809f3b02" tests="2" failures="0" errors="0" skipped="0" time="0.014372629">
        <testcase classname="src/stores/auth.test.ts" name="auth store &gt; signs in and hydrates authenticated user" time="0.010419648">
        </testcase>
        <testcase classname="src/stores/auth.test.ts" name="auth store &gt; enables captcha state when backend requires captcha" time="0.002058484">
        </testcase>
    </testsuite>
    <testsuite name="src/router/menu.test.ts" timestamp="2026-03-30T23:03:21.622Z" hostname="32e1809f3b02" tests="2" failures="0" errors="0" skipped="0" time="0.009554991">
        <testcase classname="src/router/menu.test.ts" name="menu and messaging helpers &gt; resolves first allowed workspace by role" time="0.004892442">
        </testcase>
        <testcase classname="src/router/menu.test.ts" name="menu and messaging helpers &gt; maps session expiration to actionable message" time="0.000941973">
        </testcase>
    </testsuite>
</testsuites>
